Performing C SOURCE FILE Test CMAKE_HAVE_LIBC_PTHREAD failed with the following output:
Change Dir: /media/sheep/0CF42A65F42A50EE/毕设/Gomoku/build/CMakeFiles/CMakeTmp

Run Build Command(s):/usr/bin/make cmTC_e6b56/fast && /usr/bin/make  -f CMakeFiles/cmTC_e6b56.dir/build.make CMakeFiles/cmTC_e6b56.dir/build
make[1]: 进入目录“/media/sheep/0CF42A65F42A50EE/毕设/Gomoku/build/CMakeFiles/CMakeTmp”
Building C object CMakeFiles/cmTC_e6b56.dir/src.c.o
/usr/bin/cc   -DCMAKE_HAVE_LIBC_PTHREAD -o CMakeFiles/cmTC_e6b56.dir/src.c.o -c /media/sheep/0CF42A65F42A50EE/毕设/Gomoku/build/CMakeFiles/CMakeTmp/src.c
Linking C executable cmTC_e6b56
/usr/local/lib/python3.8/dist-packages/cmake/data/bin/cmake -E cmake_link_script CMakeFiles/cmTC_e6b56.dir/link.txt --verbose=1
/usr/bin/cc  -DCMAKE_HAVE_LIBC_PTHREAD CMakeFiles/cmTC_e6b56.dir/src.c.o -o cmTC_e6b56 
/usr/bin/ld: CMakeFiles/cmTC_e6b56.dir/src.c.o: in function `main':
src.c:(.text+0x46): undefined reference to `pthread_create'
/usr/bin/ld: src.c:(.text+0x52): undefined reference to `pthread_detach'
/usr/bin/ld: src.c:(.text+0x5e): undefined reference to `pthread_cancel'
/usr/bin/ld: src.c:(.text+0x6f): undefined reference to `pthread_join'
collect2: error: ld returned 1 exit status
make[1]: *** [CMakeFiles/cmTC_e6b56.dir/build.make:106：cmTC_e6b56] 错误 1
make[1]: 离开目录“/media/sheep/0CF42A65F42A50EE/毕设/Gomoku/build/CMakeFiles/CMakeTmp”
make: *** [Makefile:140：cmTC_e6b56/fast] 错误 2


Source file was:
#include <pthread.h>

void* test_func(void* data)
{
  return data;
}

int main(void)
{
  pthread_t thread;
  pthread_create(&thread, NULL, test_func, NULL);
  pthread_detach(thread);
  pthread_cancel(thread);
  pthread_join(thread, NULL);
  pthread_atfork(NULL, NULL, NULL);
  pthread_exit(NULL);

  return 0;
}

Determining if the function pthread_create exists in the pthreads failed with the following output:
Change Dir: /media/sheep/0CF42A65F42A50EE/毕设/Gomoku/build/CMakeFiles/CMakeTmp

Run Build Command(s):/usr/bin/make cmTC_f46e3/fast && /usr/bin/make  -f CMakeFiles/cmTC_f46e3.dir/build.make CMakeFiles/cmTC_f46e3.dir/build
make[1]: 进入目录“/media/sheep/0CF42A65F42A50EE/毕设/Gomoku/build/CMakeFiles/CMakeTmp”
Building C object CMakeFiles/cmTC_f46e3.dir/CheckFunctionExists.c.o
/usr/bin/cc   -DCHECK_FUNCTION_EXISTS=pthread_create -o CMakeFiles/cmTC_f46e3.dir/CheckFunctionExists.c.o -c /usr/local/lib/python3.8/dist-packages/cmake/data/share/cmake-3.18/Modules/CheckFunctionExists.c
Linking C executable cmTC_f46e3
/usr/local/lib/python3.8/dist-packages/cmake/data/bin/cmake -E cmake_link_script CMakeFiles/cmTC_f46e3.dir/link.txt --verbose=1
/usr/bin/cc  -DCHECK_FUNCTION_EXISTS=pthread_create CMakeFiles/cmTC_f46e3.dir/CheckFunctionExists.c.o -o cmTC_f46e3  -lpthreads 
/usr/bin/ld: 找不到 -lpthreads
collect2: error: ld returned 1 exit status
make[1]: *** [CMakeFiles/cmTC_f46e3.dir/build.make:106：cmTC_f46e3] 错误 1
make[1]: 离开目录“/media/sheep/0CF42A65F42A50EE/毕设/Gomoku/build/CMakeFiles/CMakeTmp”
make: *** [Makefile:140：cmTC_f46e3/fast] 错误 2



